<?xml version="1.0" encoding="UTF-8"?>
<!-- Generated by org.testng.reporters.JUnitReportReporter -->
<testsuite skipped="0" hostname="PUSHU-AMMU" name="org.testng.Sample1" tests="3" failures="0" timestamp="2023-04-27T23:20:12 IST" time="0.003" errors="0">
  <testcase name="tc2" time="0.001" classname="org.testng.Sample1"/>
  <system-out/>
  <testcase name="tc2" time="0.001" classname="org.testng.Sample1"/>
  <system-out/>
  <testcase name="tc1" time="0.001" classname="org.testng.Sample1"/>
  <system-out/>
</testsuite> <!-- org.testng.Sample1 -->
