<?xml version="1.0" encoding="UTF-8"?>
<!-- Generated by org.testng.reporters.JUnitReportReporter -->
<testsuite skipped="0" hostname="LAPTOP-HP7JS8VM" name="org.testng.TestngDay1" tests="1" failures="0" timestamp="2023-04-25T17:35:59 IST" time="3.821" errors="0">
  <testcase name="login" time="3.821" classname="org.testng.TestngDay1"/>
  <system-out/>
</testsuite> <!-- org.testng.TestngDay1 -->
