<?xml version="1.0" encoding="UTF-8"?>
<!-- Generated by org.testng.reporters.JUnitReportReporter -->
<testsuite skipped="0" hostname="Akila" name="org.sample.Example" tests="1" failures="0" timestamp="2023-06-19T00:05:28 IST" time="5.058" errors="0">
  <testcase name="tc" time="5.058" classname="org.sample.Example"/>
  <system-out/>
</testsuite> <!-- org.sample.Example -->
