<?xml version="1.0" encoding="UTF-8"?>
<!-- Generated by org.testng.reporters.JUnitReportReporter -->
<testsuite skipped="0" hostname="Akila" name="org.sample.TestListic" tests="1" failures="0" timestamp="2023-08-03T13:00:09 IST" time="20.283" errors="0">
  <testcase name="dynamicWebTable" time="20.283" classname="org.sample.TestListic"/>
  <system-out/>
</testsuite> <!-- org.sample.TestListic -->
