<?xml version="1.0" encoding="UTF-8"?>
<!-- Generated by org.testng.reporters.JUnitReportReporter -->
<testsuite skipped="0" hostname="PUSHU-AMMU" name="org.testng.MailSample" tests="1" failures="0" timestamp="2023-04-27T01:56:18 IST" time="2.849" errors="0">
  <testcase name="loginDetails" time="2.849" classname="org.testng.MailSample"/>
  <system-out/>
</testsuite> <!-- org.testng.MailSample -->
