<?xml version="1.0" encoding="UTF-8"?>
<!-- Generated by org.testng.reporters.JUnitReportReporter -->
<testsuite skipped="0" hostname="Akila" name="org.demo.Sample" tests="1" failures="0" timestamp="2023-07-22T00:42:38 IST" time="11.882" errors="0">
  <testcase name="mynthra" time="11.882" classname="org.demo.Sample"/>
  <system-out/>
</testsuite> <!-- org.demo.Sample -->
