<?xml version="1.0" encoding="UTF-8"?>
<!-- Generated by org.testng.reporters.JUnitReportReporter -->
<testsuite skipped="0" hostname="PUSHU-AMMU" name="org.testng.Sample2" tests="1" failures="0" timestamp="2023-04-27T23:20:12 IST" time="0.006" errors="0">
  <testcase name="tc5" time="0.006" classname="org.testng.Sample2"/>
  <system-out/>
</testsuite> <!-- org.testng.Sample2 -->
